[Thu, 23 Jul 15 15:00:58 +0800][INFO] SELECT IF(COUNT(*) > 0, 1, 0) FROM `INFORMATION_SCHEMA`.`TABLES` WHERE `TABLE_NAME` = 'users' AND `TABLE_SCHEMA` = DATABASE()
[Thu, 23 Jul 15 15:00:58 +0800][INFO] DESCRIBE `users`
[Thu, 23 Jul 15 15:00:58 +0800][INFO] SELECT `users`.`id`, `users`.`username`, `users`.`type`, `users`.`password`, `users`.`age`, `users`.`created_at`, `users`.`updated_at` FROM `users` WHERE `users`.`id` = 2 LIMIT :AP0
[Thu, 23 Jul 15 15:00:58 +0800][INFO] SELECT IF(COUNT(*) > 0, 1, 0) FROM `INFORMATION_SCHEMA`.`TABLES` WHERE `TABLE_NAME` = 'users' AND `TABLE_SCHEMA` = DATABASE()
[Thu, 23 Jul 15 15:00:58 +0800][INFO] DESCRIBE `users`
[Thu, 23 Jul 15 15:00:58 +0800][INFO] SELECT `users`.`id`, `users`.`username`, `users`.`type`, `users`.`password`, `users`.`age`, `users`.`created_at`, `users`.`updated_at` FROM `users` WHERE `users`.`id` = 2 LIMIT :AP0
[Thu, 23 Jul 15 15:07:35 +0800][INFO] SELECT IF(COUNT(*) > 0, 1, 0) FROM `INFORMATION_SCHEMA`.`TABLES` WHERE `TABLE_NAME` = 'users' AND `TABLE_SCHEMA` = DATABASE()
[Thu, 23 Jul 15 15:07:35 +0800][INFO] DESCRIBE `users`
[Thu, 23 Jul 15 15:07:35 +0800][INFO] SELECT COUNT(42) AS `rowcount` FROM `users` WHERE `users`.`username` = :0
[Thu, 23 Jul 15 15:07:35 +0800][INFO] SELECT IF(COUNT(*) > 0, 1, 0) FROM `INFORMATION_SCHEMA`.`TABLES` WHERE `TABLE_NAME` = 'users' AND `TABLE_SCHEMA` = DATABASE()
[Thu, 23 Jul 15 15:07:35 +0800][INFO] DESCRIBE `users`
[Thu, 23 Jul 15 15:07:35 +0800][INFO] SELECT COUNT(42) AS `rowcount` FROM `users` WHERE `users`.`username` = :0
[Thu, 23 Jul 15 15:08:41 +0800][INFO] SELECT IF(COUNT(*) > 0, 1, 0) FROM `INFORMATION_SCHEMA`.`TABLES` WHERE `TABLE_NAME` = 'users' AND `TABLE_SCHEMA` = DATABASE()
[Thu, 23 Jul 15 15:08:41 +0800][INFO] DESCRIBE `users`
[Thu, 23 Jul 15 15:08:41 +0800][INFO] SELECT COUNT(42) AS `rowcount` FROM `users` WHERE `users`.`username` = :0
[Thu, 23 Jul 15 15:08:42 +0800][INFO] SELECT IF(COUNT(*) > 0, 1, 0) FROM `INFORMATION_SCHEMA`.`TABLES` WHERE `TABLE_NAME` = 'users' AND `TABLE_SCHEMA` = DATABASE()
[Thu, 23 Jul 15 15:08:42 +0800][INFO] DESCRIBE `users`
[Thu, 23 Jul 15 15:08:42 +0800][INFO] SELECT COUNT(42) AS `rowcount` FROM `users` WHERE `users`.`username` = :0
[Thu, 23 Jul 15 15:10:09 +0800][INFO] SELECT IF(COUNT(*) > 0, 1, 0) FROM `INFORMATION_SCHEMA`.`TABLES` WHERE `TABLE_NAME` = 'users' AND `TABLE_SCHEMA` = DATABASE()
[Thu, 23 Jul 15 15:10:09 +0800][INFO] DESCRIBE `users`
[Thu, 23 Jul 15 15:10:09 +0800][INFO] SELECT COUNT(42) AS `rowcount` FROM `users` WHERE `users`.`username` = :0
[Thu, 23 Jul 15 15:10:10 +0800][INFO] SELECT IF(COUNT(*) > 0, 1, 0) FROM `INFORMATION_SCHEMA`.`TABLES` WHERE `TABLE_NAME` = 'users' AND `TABLE_SCHEMA` = DATABASE()
[Thu, 23 Jul 15 15:10:10 +0800][INFO] DESCRIBE `users`
[Thu, 23 Jul 15 15:10:10 +0800][INFO] SELECT COUNT(42) AS `rowcount` FROM `users` WHERE `users`.`username` = :0
[Thu, 23 Jul 15 15:14:43 +0800][INFO] SELECT IF(COUNT(*) > 0, 1, 0) FROM `INFORMATION_SCHEMA`.`TABLES` WHERE `TABLE_NAME` = 'users' AND `TABLE_SCHEMA` = DATABASE()
[Thu, 23 Jul 15 15:14:43 +0800][INFO] DESCRIBE `users`
[Thu, 23 Jul 15 15:14:44 +0800][INFO] SELECT IF(COUNT(*) > 0, 1, 0) FROM `INFORMATION_SCHEMA`.`TABLES` WHERE `TABLE_NAME` = 'users' AND `TABLE_SCHEMA` = DATABASE()
[Thu, 23 Jul 15 15:14:44 +0800][INFO] DESCRIBE `users`
[Thu, 23 Jul 15 15:36:00 +0800][INFO] SELECT IF(COUNT(*) > 0, 1, 0) FROM `INFORMATION_SCHEMA`.`TABLES` WHERE `TABLE_NAME` = 'users' AND `TABLE_SCHEMA` = DATABASE()
[Thu, 23 Jul 15 15:36:00 +0800][INFO] DESCRIBE `users`
[Thu, 23 Jul 15 15:36:01 +0800][INFO] SELECT IF(COUNT(*) > 0, 1, 0) FROM `INFORMATION_SCHEMA`.`TABLES` WHERE `TABLE_NAME` = 'users' AND `TABLE_SCHEMA` = DATABASE()
[Thu, 23 Jul 15 15:36:01 +0800][INFO] DESCRIBE `users`
[Thu, 23 Jul 15 15:36:22 +0800][INFO] SELECT IF(COUNT(*) > 0, 1, 0) FROM `INFORMATION_SCHEMA`.`TABLES` WHERE `TABLE_NAME` = 'users' AND `TABLE_SCHEMA` = DATABASE()
[Thu, 23 Jul 15 15:36:22 +0800][INFO] DESCRIBE `users`
[Thu, 23 Jul 15 15:36:23 +0800][INFO] SELECT IF(COUNT(*) > 0, 1, 0) FROM `INFORMATION_SCHEMA`.`TABLES` WHERE `TABLE_NAME` = 'users' AND `TABLE_SCHEMA` = DATABASE()
[Thu, 23 Jul 15 15:36:23 +0800][INFO] DESCRIBE `users`
[Thu, 23 Jul 15 15:36:33 +0800][INFO] SELECT IF(COUNT(*) > 0, 1, 0) FROM `INFORMATION_SCHEMA`.`TABLES` WHERE `TABLE_NAME` = 'users' AND `TABLE_SCHEMA` = DATABASE()
[Thu, 23 Jul 15 15:36:33 +0800][INFO] DESCRIBE `users`
[Thu, 23 Jul 15 15:36:34 +0800][INFO] SELECT IF(COUNT(*) > 0, 1, 0) FROM `INFORMATION_SCHEMA`.`TABLES` WHERE `TABLE_NAME` = 'users' AND `TABLE_SCHEMA` = DATABASE()
[Thu, 23 Jul 15 15:36:34 +0800][INFO] DESCRIBE `users`
[Thu, 23 Jul 15 15:38:05 +0800][INFO] SELECT IF(COUNT(*) > 0, 1, 0) FROM `INFORMATION_SCHEMA`.`TABLES` WHERE `TABLE_NAME` = 'users' AND `TABLE_SCHEMA` = DATABASE()
[Thu, 23 Jul 15 15:38:05 +0800][INFO] DESCRIBE `users`
[Thu, 23 Jul 15 15:38:06 +0800][INFO] SELECT IF(COUNT(*) > 0, 1, 0) FROM `INFORMATION_SCHEMA`.`TABLES` WHERE `TABLE_NAME` = 'users' AND `TABLE_SCHEMA` = DATABASE()
[Thu, 23 Jul 15 15:38:06 +0800][INFO] DESCRIBE `users`
[Thu, 23 Jul 15 15:38:59 +0800][INFO] SELECT IF(COUNT(*) > 0, 1, 0) FROM `INFORMATION_SCHEMA`.`TABLES` WHERE `TABLE_NAME` = 'users' AND `TABLE_SCHEMA` = DATABASE()
[Thu, 23 Jul 15 15:38:59 +0800][INFO] DESCRIBE `users`
[Thu, 23 Jul 15 15:39:00 +0800][INFO] SELECT IF(COUNT(*) > 0, 1, 0) FROM `INFORMATION_SCHEMA`.`TABLES` WHERE `TABLE_NAME` = 'users' AND `TABLE_SCHEMA` = DATABASE()
[Thu, 23 Jul 15 15:39:00 +0800][INFO] DESCRIBE `users`
[Thu, 23 Jul 15 15:40:10 +0800][INFO] SELECT IF(COUNT(*) > 0, 1, 0) FROM `INFORMATION_SCHEMA`.`TABLES` WHERE `TABLE_NAME` = 'users' AND `TABLE_SCHEMA` = DATABASE()
[Thu, 23 Jul 15 15:40:10 +0800][INFO] DESCRIBE `users`
[Thu, 23 Jul 15 15:40:10 +0800][INFO] INSERT INTO `users` (`username`, `email`, `type`, `password`, `age`, `created_at`) VALUES (?, ?, ?, ?, ?, DEFAULT)
[Thu, 23 Jul 15 15:40:11 +0800][INFO] SELECT IF(COUNT(*) > 0, 1, 0) FROM `INFORMATION_SCHEMA`.`TABLES` WHERE `TABLE_NAME` = 'users' AND `TABLE_SCHEMA` = DATABASE()
[Thu, 23 Jul 15 15:40:11 +0800][INFO] DESCRIBE `users`
[Thu, 23 Jul 15 15:40:11 +0800][INFO] INSERT INTO `users` (`username`, `email`, `type`, `password`, `age`, `created_at`) VALUES (?, ?, ?, ?, ?, DEFAULT)
[Thu, 23 Jul 15 15:40:35 +0800][INFO] SELECT IF(COUNT(*) > 0, 1, 0) FROM `INFORMATION_SCHEMA`.`TABLES` WHERE `TABLE_NAME` = 'users' AND `TABLE_SCHEMA` = DATABASE()
[Thu, 23 Jul 15 15:40:35 +0800][INFO] DESCRIBE `users`
[Thu, 23 Jul 15 15:40:35 +0800][INFO] SELECT COUNT(42) AS `rowcount` FROM `users` WHERE `users`.`username` = :0
[Thu, 23 Jul 15 15:40:35 +0800][INFO] SELECT COUNT(42) AS `rowcount` FROM `users` WHERE `users`.`email` = :0
[Thu, 23 Jul 15 15:40:36 +0800][INFO] SELECT IF(COUNT(*) > 0, 1, 0) FROM `INFORMATION_SCHEMA`.`TABLES` WHERE `TABLE_NAME` = 'users' AND `TABLE_SCHEMA` = DATABASE()
[Thu, 23 Jul 15 15:40:36 +0800][INFO] DESCRIBE `users`
[Thu, 23 Jul 15 15:40:36 +0800][INFO] SELECT COUNT(42) AS `rowcount` FROM `users` WHERE `users`.`username` = :0
[Thu, 23 Jul 15 15:40:36 +0800][INFO] SELECT COUNT(42) AS `rowcount` FROM `users` WHERE `users`.`email` = :0
[Thu, 23 Jul 15 15:41:06 +0800][INFO] SELECT IF(COUNT(*) > 0, 1, 0) FROM `INFORMATION_SCHEMA`.`TABLES` WHERE `TABLE_NAME` = 'users' AND `TABLE_SCHEMA` = DATABASE()
[Thu, 23 Jul 15 15:41:06 +0800][INFO] DESCRIBE `users`
[Thu, 23 Jul 15 15:41:06 +0800][INFO] SELECT COUNT(42) AS `rowcount` FROM `users` WHERE `users`.`username` = :0
[Thu, 23 Jul 15 15:41:06 +0800][INFO] SELECT COUNT(42) AS `rowcount` FROM `users` WHERE `users`.`email` = :0
[Thu, 23 Jul 15 15:41:06 +0800][INFO] SELECT IF(COUNT(*) > 0, 1, 0) FROM `INFORMATION_SCHEMA`.`TABLES` WHERE `TABLE_NAME` = 'users' AND `TABLE_SCHEMA` = DATABASE()
[Thu, 23 Jul 15 15:41:06 +0800][INFO] DESCRIBE `users`
[Thu, 23 Jul 15 15:41:06 +0800][INFO] SELECT COUNT(42) AS `rowcount` FROM `users` WHERE `users`.`username` = :0
[Thu, 23 Jul 15 15:41:06 +0800][INFO] SELECT COUNT(42) AS `rowcount` FROM `users` WHERE `users`.`email` = :0
[Thu, 23 Jul 15 15:41:38 +0800][INFO] SELECT IF(COUNT(*) > 0, 1, 0) FROM `INFORMATION_SCHEMA`.`TABLES` WHERE `TABLE_NAME` = 'users' AND `TABLE_SCHEMA` = DATABASE()
[Thu, 23 Jul 15 15:41:38 +0800][INFO] DESCRIBE `users`
[Thu, 23 Jul 15 15:41:38 +0800][INFO] SELECT IF(COUNT(*) > 0, 1, 0) FROM `INFORMATION_SCHEMA`.`TABLES` WHERE `TABLE_NAME` = 'users' AND `TABLE_SCHEMA` = DATABASE()
[Thu, 23 Jul 15 15:41:38 +0800][INFO] DESCRIBE `users`
[Thu, 23 Jul 15 15:44:28 +0800][INFO] SELECT IF(COUNT(*) > 0, 1, 0) FROM `INFORMATION_SCHEMA`.`TABLES` WHERE `TABLE_NAME` = 'users' AND `TABLE_SCHEMA` = DATABASE()
[Thu, 23 Jul 15 15:44:28 +0800][INFO] DESCRIBE `users`
[Thu, 23 Jul 15 15:44:28 +0800][INFO] SELECT COUNT(42) AS `rowcount` FROM `users` WHERE `users`.`username` = :0
[Thu, 23 Jul 15 15:44:28 +0800][INFO] SELECT COUNT(42) AS `rowcount` FROM `users` WHERE `users`.`email` = :0
[Thu, 23 Jul 15 15:44:29 +0800][INFO] SELECT IF(COUNT(*) > 0, 1, 0) FROM `INFORMATION_SCHEMA`.`TABLES` WHERE `TABLE_NAME` = 'users' AND `TABLE_SCHEMA` = DATABASE()
[Thu, 23 Jul 15 15:44:29 +0800][INFO] DESCRIBE `users`
[Thu, 23 Jul 15 15:44:29 +0800][INFO] SELECT COUNT(42) AS `rowcount` FROM `users` WHERE `users`.`username` = :0
[Thu, 23 Jul 15 15:44:29 +0800][INFO] SELECT COUNT(42) AS `rowcount` FROM `users` WHERE `users`.`email` = :0
[Thu, 23 Jul 15 15:56:08 +0800][INFO] SELECT IF(COUNT(*) > 0, 1, 0) FROM `INFORMATION_SCHEMA`.`TABLES` WHERE `TABLE_NAME` = 'users' AND `TABLE_SCHEMA` = DATABASE()
[Thu, 23 Jul 15 15:56:08 +0800][INFO] DESCRIBE `users`
[Thu, 23 Jul 15 15:56:09 +0800][INFO] SELECT IF(COUNT(*) > 0, 1, 0) FROM `INFORMATION_SCHEMA`.`TABLES` WHERE `TABLE_NAME` = 'users' AND `TABLE_SCHEMA` = DATABASE()
[Thu, 23 Jul 15 15:56:09 +0800][INFO] DESCRIBE `users`
[Thu, 23 Jul 15 15:56:32 +0800][INFO] SELECT IF(COUNT(*) > 0, 1, 0) FROM `INFORMATION_SCHEMA`.`TABLES` WHERE `TABLE_NAME` = 'users' AND `TABLE_SCHEMA` = DATABASE()
[Thu, 23 Jul 15 15:56:32 +0800][INFO] DESCRIBE `users`
[Thu, 23 Jul 15 15:56:32 +0800][INFO] SELECT COUNT(42) AS `rowcount` FROM `users` WHERE `users`.`username` = :0
[Thu, 23 Jul 15 15:56:33 +0800][INFO] SELECT IF(COUNT(*) > 0, 1, 0) FROM `INFORMATION_SCHEMA`.`TABLES` WHERE `TABLE_NAME` = 'users' AND `TABLE_SCHEMA` = DATABASE()
[Thu, 23 Jul 15 15:56:33 +0800][INFO] DESCRIBE `users`
[Thu, 23 Jul 15 15:56:33 +0800][INFO] SELECT COUNT(42) AS `rowcount` FROM `users` WHERE `users`.`username` = :0
[Thu, 23 Jul 15 15:56:38 +0800][INFO] SELECT IF(COUNT(*) > 0, 1, 0) FROM `INFORMATION_SCHEMA`.`TABLES` WHERE `TABLE_NAME` = 'users' AND `TABLE_SCHEMA` = DATABASE()
[Thu, 23 Jul 15 15:56:38 +0800][INFO] DESCRIBE `users`
[Thu, 23 Jul 15 15:56:38 +0800][INFO] SELECT COUNT(42) AS `rowcount` FROM `users` WHERE `users`.`username` = :0
[Thu, 23 Jul 15 15:56:38 +0800][INFO] SELECT COUNT(42) AS `rowcount` FROM `users` WHERE `users`.`email` = :0
[Thu, 23 Jul 15 15:56:39 +0800][INFO] SELECT IF(COUNT(*) > 0, 1, 0) FROM `INFORMATION_SCHEMA`.`TABLES` WHERE `TABLE_NAME` = 'users' AND `TABLE_SCHEMA` = DATABASE()
[Thu, 23 Jul 15 15:56:39 +0800][INFO] DESCRIBE `users`
[Thu, 23 Jul 15 15:56:39 +0800][INFO] SELECT COUNT(42) AS `rowcount` FROM `users` WHERE `users`.`username` = :0
[Thu, 23 Jul 15 15:56:39 +0800][INFO] SELECT COUNT(42) AS `rowcount` FROM `users` WHERE `users`.`email` = :0
[Thu, 23 Jul 15 16:00:35 +0800][INFO] SELECT IF(COUNT(*) > 0, 1, 0) FROM `INFORMATION_SCHEMA`.`TABLES` WHERE `TABLE_NAME` = 'users' AND `TABLE_SCHEMA` = DATABASE()
[Thu, 23 Jul 15 16:00:35 +0800][INFO] DESCRIBE `users`
[Thu, 23 Jul 15 16:00:35 +0800][INFO] SELECT COUNT(42) AS `rowcount` FROM `users` WHERE `users`.`username` = :0
[Thu, 23 Jul 15 16:00:35 +0800][INFO] SELECT COUNT(42) AS `rowcount` FROM `users` WHERE `users`.`email` = :0
[Thu, 23 Jul 15 16:00:35 +0800][INFO] INSERT INTO `users` (`username`, `email`, `type`, `password`, `age`, `created_at`) VALUES (?, null, ?, ?, ?, DEFAULT)
[Thu, 23 Jul 15 16:00:36 +0800][INFO] SELECT IF(COUNT(*) > 0, 1, 0) FROM `INFORMATION_SCHEMA`.`TABLES` WHERE `TABLE_NAME` = 'users' AND `TABLE_SCHEMA` = DATABASE()
[Thu, 23 Jul 15 16:00:36 +0800][INFO] DESCRIBE `users`
[Thu, 23 Jul 15 16:00:36 +0800][INFO] SELECT COUNT(42) AS `rowcount` FROM `users` WHERE `users`.`username` = :0
[Thu, 23 Jul 15 16:00:36 +0800][INFO] SELECT COUNT(42) AS `rowcount` FROM `users` WHERE `users`.`email` = :0
[Thu, 23 Jul 15 16:00:36 +0800][INFO] INSERT INTO `users` (`username`, `email`, `type`, `password`, `age`, `created_at`) VALUES (?, null, ?, ?, ?, DEFAULT)
[Thu, 23 Jul 15 16:02:02 +0800][INFO] SELECT IF(COUNT(*) > 0, 1, 0) FROM `INFORMATION_SCHEMA`.`TABLES` WHERE `TABLE_NAME` = 'users' AND `TABLE_SCHEMA` = DATABASE()
[Thu, 23 Jul 15 16:02:02 +0800][INFO] DESCRIBE `users`
[Thu, 23 Jul 15 16:02:02 +0800][INFO] SELECT IF(COUNT(*) > 0, 1, 0) FROM `INFORMATION_SCHEMA`.`TABLES` WHERE `TABLE_NAME` = 'users' AND `TABLE_SCHEMA` = DATABASE()
[Thu, 23 Jul 15 16:02:02 +0800][INFO] DESCRIBE `users`
[Thu, 23 Jul 15 16:02:19 +0800][INFO] SELECT IF(COUNT(*) > 0, 1, 0) FROM `INFORMATION_SCHEMA`.`TABLES` WHERE `TABLE_NAME` = 'users' AND `TABLE_SCHEMA` = DATABASE()
[Thu, 23 Jul 15 16:02:19 +0800][INFO] DESCRIBE `users`
[Thu, 23 Jul 15 16:02:20 +0800][INFO] SELECT IF(COUNT(*) > 0, 1, 0) FROM `INFORMATION_SCHEMA`.`TABLES` WHERE `TABLE_NAME` = 'users' AND `TABLE_SCHEMA` = DATABASE()
[Thu, 23 Jul 15 16:02:20 +0800][INFO] DESCRIBE `users`
[Thu, 23 Jul 15 16:02:29 +0800][INFO] SELECT IF(COUNT(*) > 0, 1, 0) FROM `INFORMATION_SCHEMA`.`TABLES` WHERE `TABLE_NAME` = 'users' AND `TABLE_SCHEMA` = DATABASE()
[Thu, 23 Jul 15 16:02:29 +0800][INFO] DESCRIBE `users`
[Thu, 23 Jul 15 16:02:29 +0800][INFO] SELECT IF(COUNT(*) > 0, 1, 0) FROM `INFORMATION_SCHEMA`.`TABLES` WHERE `TABLE_NAME` = 'users' AND `TABLE_SCHEMA` = DATABASE()
[Thu, 23 Jul 15 16:02:29 +0800][INFO] DESCRIBE `users`
[Thu, 23 Jul 15 16:06:52 +0800][INFO] SELECT IF(COUNT(*) > 0, 1, 0) FROM `INFORMATION_SCHEMA`.`TABLES` WHERE `TABLE_NAME` = 'users' AND `TABLE_SCHEMA` = DATABASE()
[Thu, 23 Jul 15 16:06:52 +0800][INFO] DESCRIBE `users`
[Thu, 23 Jul 15 16:06:52 +0800][INFO] SELECT IF(COUNT(*) > 0, 1, 0) FROM `INFORMATION_SCHEMA`.`TABLES` WHERE `TABLE_NAME` = 'users' AND `TABLE_SCHEMA` = DATABASE()
[Thu, 23 Jul 15 16:06:52 +0800][INFO] DESCRIBE `users`
[Thu, 23 Jul 15 16:13:54 +0800][INFO] SELECT IF(COUNT(*) > 0, 1, 0) FROM `INFORMATION_SCHEMA`.`TABLES` WHERE `TABLE_NAME` = 'users' AND `TABLE_SCHEMA` = DATABASE()
[Thu, 23 Jul 15 16:13:54 +0800][INFO] DESCRIBE `users`
[Thu, 23 Jul 15 16:13:54 +0800][INFO] SELECT COUNT(42) AS `rowcount` FROM `users` WHERE `users`.`username` = :0
[Thu, 23 Jul 15 16:13:54 +0800][INFO] SELECT COUNT(42) AS `rowcount` FROM `users` WHERE `users`.`email` = :0
[Thu, 23 Jul 15 16:13:54 +0800][INFO] INSERT INTO `users` (`username`, `email`, `type`, `password`, `age`, `created_at`) VALUES (?, null, ?, ?, ?, DEFAULT)
[Thu, 23 Jul 15 16:13:55 +0800][INFO] SELECT IF(COUNT(*) > 0, 1, 0) FROM `INFORMATION_SCHEMA`.`TABLES` WHERE `TABLE_NAME` = 'users' AND `TABLE_SCHEMA` = DATABASE()
[Thu, 23 Jul 15 16:13:55 +0800][INFO] DESCRIBE `users`
[Thu, 23 Jul 15 16:13:55 +0800][INFO] SELECT COUNT(42) AS `rowcount` FROM `users` WHERE `users`.`username` = :0
[Thu, 23 Jul 15 16:13:55 +0800][INFO] SELECT COUNT(42) AS `rowcount` FROM `users` WHERE `users`.`email` = :0
[Thu, 23 Jul 15 16:13:55 +0800][INFO] INSERT INTO `users` (`username`, `email`, `type`, `password`, `age`, `created_at`) VALUES (?, null, ?, ?, ?, DEFAULT)
[Thu, 23 Jul 15 16:14:25 +0800][INFO] SELECT IF(COUNT(*) > 0, 1, 0) FROM `INFORMATION_SCHEMA`.`TABLES` WHERE `TABLE_NAME` = 'users' AND `TABLE_SCHEMA` = DATABASE()
[Thu, 23 Jul 15 16:14:25 +0800][INFO] DESCRIBE `users`
[Thu, 23 Jul 15 16:14:25 +0800][INFO] SELECT COUNT(42) AS `rowcount` FROM `users` WHERE `users`.`username` = :0
[Thu, 23 Jul 15 16:14:25 +0800][INFO] SELECT COUNT(42) AS `rowcount` FROM `users` WHERE `users`.`email` = :0
[Thu, 23 Jul 15 16:14:25 +0800][INFO] INSERT INTO `users` (`username`, `email`, `type`, `password`, `age`, `created_at`) VALUES (?, null, ?, ?, ?, DEFAULT)
[Thu, 23 Jul 15 16:14:25 +0800][INFO] SELECT IF(COUNT(*) > 0, 1, 0) FROM `INFORMATION_SCHEMA`.`TABLES` WHERE `TABLE_NAME` = 'users' AND `TABLE_SCHEMA` = DATABASE()
[Thu, 23 Jul 15 16:14:25 +0800][INFO] DESCRIBE `users`
[Thu, 23 Jul 15 16:14:25 +0800][INFO] SELECT COUNT(42) AS `rowcount` FROM `users` WHERE `users`.`username` = :0
[Thu, 23 Jul 15 16:14:25 +0800][INFO] SELECT COUNT(42) AS `rowcount` FROM `users` WHERE `users`.`email` = :0
[Thu, 23 Jul 15 16:14:25 +0800][INFO] INSERT INTO `users` (`username`, `email`, `type`, `password`, `age`, `created_at`) VALUES (?, null, ?, ?, ?, DEFAULT)
[Thu, 23 Jul 15 16:14:57 +0800][INFO] SELECT IF(COUNT(*) > 0, 1, 0) FROM `INFORMATION_SCHEMA`.`TABLES` WHERE `TABLE_NAME` = 'users' AND `TABLE_SCHEMA` = DATABASE()
[Thu, 23 Jul 15 16:14:57 +0800][INFO] DESCRIBE `users`
[Thu, 23 Jul 15 16:14:58 +0800][INFO] SELECT IF(COUNT(*) > 0, 1, 0) FROM `INFORMATION_SCHEMA`.`TABLES` WHERE `TABLE_NAME` = 'users' AND `TABLE_SCHEMA` = DATABASE()
[Thu, 23 Jul 15 16:14:58 +0800][INFO] DESCRIBE `users`
[Thu, 23 Jul 15 16:15:22 +0800][INFO] SELECT IF(COUNT(*) > 0, 1, 0) FROM `INFORMATION_SCHEMA`.`TABLES` WHERE `TABLE_NAME` = 'users' AND `TABLE_SCHEMA` = DATABASE()
[Thu, 23 Jul 15 16:15:22 +0800][INFO] DESCRIBE `users`
[Thu, 23 Jul 15 16:15:23 +0800][INFO] SELECT IF(COUNT(*) > 0, 1, 0) FROM `INFORMATION_SCHEMA`.`TABLES` WHERE `TABLE_NAME` = 'users' AND `TABLE_SCHEMA` = DATABASE()
[Thu, 23 Jul 15 16:15:23 +0800][INFO] DESCRIBE `users`
[Thu, 23 Jul 15 16:16:21 +0800][INFO] SELECT IF(COUNT(*) > 0, 1, 0) FROM `INFORMATION_SCHEMA`.`TABLES` WHERE `TABLE_NAME` = 'users' AND `TABLE_SCHEMA` = DATABASE()
[Thu, 23 Jul 15 16:16:21 +0800][INFO] DESCRIBE `users`
[Thu, 23 Jul 15 16:16:22 +0800][INFO] SELECT IF(COUNT(*) > 0, 1, 0) FROM `INFORMATION_SCHEMA`.`TABLES` WHERE `TABLE_NAME` = 'users' AND `TABLE_SCHEMA` = DATABASE()
[Thu, 23 Jul 15 16:16:22 +0800][INFO] DESCRIBE `users`
[Thu, 23 Jul 15 16:18:03 +0800][INFO] SELECT IF(COUNT(*) > 0, 1, 0) FROM `INFORMATION_SCHEMA`.`TABLES` WHERE `TABLE_NAME` = 'users' AND `TABLE_SCHEMA` = DATABASE()
[Thu, 23 Jul 15 16:18:03 +0800][INFO] DESCRIBE `users`
[Thu, 23 Jul 15 16:18:03 +0800][INFO] SELECT IF(COUNT(*) > 0, 1, 0) FROM `INFORMATION_SCHEMA`.`TABLES` WHERE `TABLE_NAME` = 'users' AND `TABLE_SCHEMA` = DATABASE()
[Thu, 23 Jul 15 16:18:03 +0800][INFO] DESCRIBE `users`
[Thu, 23 Jul 15 16:20:41 +0800][INFO] SELECT IF(COUNT(*) > 0, 1, 0) FROM `INFORMATION_SCHEMA`.`TABLES` WHERE `TABLE_NAME` = 'users' AND `TABLE_SCHEMA` = DATABASE()
[Thu, 23 Jul 15 16:20:41 +0800][INFO] DESCRIBE `users`
[Thu, 23 Jul 15 16:20:42 +0800][INFO] SELECT IF(COUNT(*) > 0, 1, 0) FROM `INFORMATION_SCHEMA`.`TABLES` WHERE `TABLE_NAME` = 'users' AND `TABLE_SCHEMA` = DATABASE()
[Thu, 23 Jul 15 16:20:42 +0800][INFO] DESCRIBE `users`
[Thu, 23 Jul 15 16:21:13 +0800][INFO] SELECT IF(COUNT(*) > 0, 1, 0) FROM `INFORMATION_SCHEMA`.`TABLES` WHERE `TABLE_NAME` = 'users' AND `TABLE_SCHEMA` = DATABASE()
[Thu, 23 Jul 15 16:21:13 +0800][INFO] DESCRIBE `users`
[Thu, 23 Jul 15 16:21:14 +0800][INFO] SELECT IF(COUNT(*) > 0, 1, 0) FROM `INFORMATION_SCHEMA`.`TABLES` WHERE `TABLE_NAME` = 'users' AND `TABLE_SCHEMA` = DATABASE()
[Thu, 23 Jul 15 16:21:14 +0800][INFO] DESCRIBE `users`
[Thu, 23 Jul 15 16:21:30 +0800][INFO] SELECT IF(COUNT(*) > 0, 1, 0) FROM `INFORMATION_SCHEMA`.`TABLES` WHERE `TABLE_NAME` = 'users' AND `TABLE_SCHEMA` = DATABASE()
[Thu, 23 Jul 15 16:21:30 +0800][INFO] DESCRIBE `users`
[Thu, 23 Jul 15 16:21:30 +0800][INFO] SELECT COUNT(42) AS `rowcount` FROM `users` WHERE `users`.`username` = :0
[Thu, 23 Jul 15 16:21:30 +0800][INFO] SELECT COUNT(42) AS `rowcount` FROM `users` WHERE `users`.`username` = :0
[Thu, 23 Jul 15 16:21:31 +0800][INFO] SELECT IF(COUNT(*) > 0, 1, 0) FROM `INFORMATION_SCHEMA`.`TABLES` WHERE `TABLE_NAME` = 'users' AND `TABLE_SCHEMA` = DATABASE()
[Thu, 23 Jul 15 16:21:31 +0800][INFO] DESCRIBE `users`
[Thu, 23 Jul 15 16:21:31 +0800][INFO] SELECT COUNT(42) AS `rowcount` FROM `users` WHERE `users`.`username` = :0
[Thu, 23 Jul 15 16:21:31 +0800][INFO] SELECT COUNT(42) AS `rowcount` FROM `users` WHERE `users`.`username` = :0
[Thu, 23 Jul 15 16:22:16 +0800][INFO] SELECT IF(COUNT(*) > 0, 1, 0) FROM `INFORMATION_SCHEMA`.`TABLES` WHERE `TABLE_NAME` = 'users' AND `TABLE_SCHEMA` = DATABASE()
[Thu, 23 Jul 15 16:22:16 +0800][INFO] DESCRIBE `users`
[Thu, 23 Jul 15 16:22:16 +0800][INFO] SELECT COUNT(42) AS `rowcount` FROM `users` WHERE `users`.`username` = :0
[Thu, 23 Jul 15 16:22:16 +0800][INFO] SELECT IF(COUNT(*) > 0, 1, 0) FROM `INFORMATION_SCHEMA`.`TABLES` WHERE `TABLE_NAME` = 'users' AND `TABLE_SCHEMA` = DATABASE()
[Thu, 23 Jul 15 16:22:16 +0800][INFO] DESCRIBE `users`
[Thu, 23 Jul 15 16:22:16 +0800][INFO] SELECT COUNT(42) AS `rowcount` FROM `users` WHERE `users`.`username` = :0
[Thu, 23 Jul 15 16:22:22 +0800][INFO] SELECT IF(COUNT(*) > 0, 1, 0) FROM `INFORMATION_SCHEMA`.`TABLES` WHERE `TABLE_NAME` = 'users' AND `TABLE_SCHEMA` = DATABASE()
[Thu, 23 Jul 15 16:22:22 +0800][INFO] DESCRIBE `users`
[Thu, 23 Jul 15 16:22:22 +0800][INFO] SELECT COUNT(42) AS `rowcount` FROM `users` WHERE `users`.`username` = :0
[Thu, 23 Jul 15 16:22:22 +0800][INFO] SELECT COUNT(42) AS `rowcount` FROM `users` WHERE `users`.`email` = :0
[Thu, 23 Jul 15 16:22:22 +0800][INFO] SELECT IF(COUNT(*) > 0, 1, 0) FROM `INFORMATION_SCHEMA`.`TABLES` WHERE `TABLE_NAME` = 'users' AND `TABLE_SCHEMA` = DATABASE()
[Thu, 23 Jul 15 16:22:22 +0800][INFO] DESCRIBE `users`
[Thu, 23 Jul 15 16:22:22 +0800][INFO] SELECT COUNT(42) AS `rowcount` FROM `users` WHERE `users`.`username` = :0
[Thu, 23 Jul 15 16:22:22 +0800][INFO] SELECT COUNT(42) AS `rowcount` FROM `users` WHERE `users`.`email` = :0
[Thu, 23 Jul 15 16:22:33 +0800][INFO] SELECT IF(COUNT(*) > 0, 1, 0) FROM `INFORMATION_SCHEMA`.`TABLES` WHERE `TABLE_NAME` = 'users' AND `TABLE_SCHEMA` = DATABASE()
[Thu, 23 Jul 15 16:22:33 +0800][INFO] DESCRIBE `users`
[Thu, 23 Jul 15 16:22:34 +0800][INFO] SELECT IF(COUNT(*) > 0, 1, 0) FROM `INFORMATION_SCHEMA`.`TABLES` WHERE `TABLE_NAME` = 'users' AND `TABLE_SCHEMA` = DATABASE()
[Thu, 23 Jul 15 16:22:34 +0800][INFO] DESCRIBE `users`
[Thu, 23 Jul 15 16:22:38 +0800][INFO] SELECT IF(COUNT(*) > 0, 1, 0) FROM `INFORMATION_SCHEMA`.`TABLES` WHERE `TABLE_NAME` = 'users' AND `TABLE_SCHEMA` = DATABASE()
[Thu, 23 Jul 15 16:22:38 +0800][INFO] DESCRIBE `users`
[Thu, 23 Jul 15 16:22:38 +0800][INFO] SELECT IF(COUNT(*) > 0, 1, 0) FROM `INFORMATION_SCHEMA`.`TABLES` WHERE `TABLE_NAME` = 'users' AND `TABLE_SCHEMA` = DATABASE()
[Thu, 23 Jul 15 16:22:38 +0800][INFO] DESCRIBE `users`
[Thu, 23 Jul 15 16:23:00 +0800][INFO] SELECT IF(COUNT(*) > 0, 1, 0) FROM `INFORMATION_SCHEMA`.`TABLES` WHERE `TABLE_NAME` = 'users' AND `TABLE_SCHEMA` = DATABASE()
[Thu, 23 Jul 15 16:23:00 +0800][INFO] DESCRIBE `users`
[Thu, 23 Jul 15 16:23:00 +0800][INFO] SELECT IF(COUNT(*) > 0, 1, 0) FROM `INFORMATION_SCHEMA`.`TABLES` WHERE `TABLE_NAME` = 'users' AND `TABLE_SCHEMA` = DATABASE()
[Thu, 23 Jul 15 16:23:00 +0800][INFO] DESCRIBE `users`
[Thu, 23 Jul 15 16:24:34 +0800][INFO] SELECT IF(COUNT(*) > 0, 1, 0) FROM `INFORMATION_SCHEMA`.`TABLES` WHERE `TABLE_NAME` = 'users' AND `TABLE_SCHEMA` = DATABASE()
[Thu, 23 Jul 15 16:24:34 +0800][INFO] DESCRIBE `users`
[Thu, 23 Jul 15 16:24:34 +0800][INFO] SELECT IF(COUNT(*) > 0, 1, 0) FROM `INFORMATION_SCHEMA`.`TABLES` WHERE `TABLE_NAME` = 'users' AND `TABLE_SCHEMA` = DATABASE()
[Thu, 23 Jul 15 16:24:34 +0800][INFO] DESCRIBE `users`
[Thu, 23 Jul 15 16:24:44 +0800][INFO] SELECT IF(COUNT(*) > 0, 1, 0) FROM `INFORMATION_SCHEMA`.`TABLES` WHERE `TABLE_NAME` = 'users' AND `TABLE_SCHEMA` = DATABASE()
[Thu, 23 Jul 15 16:24:44 +0800][INFO] DESCRIBE `users`
[Thu, 23 Jul 15 16:24:44 +0800][INFO] SELECT COUNT(42) AS `rowcount` FROM `users` WHERE `users`.`username` = :0
[Thu, 23 Jul 15 16:24:44 +0800][INFO] SELECT COUNT(42) AS `rowcount` FROM `users` WHERE `users`.`email` = :0
[Thu, 23 Jul 15 16:24:44 +0800][INFO] INSERT INTO `users` (`username`, `email`, `type`, `password`, `age`, `created_at`) VALUES (?, ?, ?, ?, ?, DEFAULT)
[Thu, 23 Jul 15 16:24:45 +0800][INFO] SELECT IF(COUNT(*) > 0, 1, 0) FROM `INFORMATION_SCHEMA`.`TABLES` WHERE `TABLE_NAME` = 'users' AND `TABLE_SCHEMA` = DATABASE()
[Thu, 23 Jul 15 16:24:45 +0800][INFO] DESCRIBE `users`
[Thu, 23 Jul 15 16:24:45 +0800][INFO] SELECT COUNT(42) AS `rowcount` FROM `users` WHERE `users`.`username` = :0
